.\bin\BuildTextures.ilk
.\bin\BuildTextures.pdb
C:\roman\WeatherGame\BuildTextures\.\bin\BuildTextures.dll
C:\roman\WeatherGame\BuildTextures\.\bin\BuildTextures.dll.intermediate.manifest
C:\ROMAN\WEATHERGAME\BUILDTEXTURES\BIN\.NETFRAMEWORK,VERSION=V4.0.ASSEMBLYATTRIBUTES.OBJ
C:\ROMAN\WEATHERGAME\BUILDTEXTURES\BIN\APP.RES
C:\ROMAN\WEATHERGAME\BUILDTEXTURES\BIN\ASSEMBLYINFO.OBJ
C:\ROMAN\WEATHERGAME\BUILDTEXTURES\BIN\BUILDTEXTURES.DLL
C:\ROMAN\WEATHERGAME\BUILDTEXTURES\BIN\BUILDTEXTURES.DLL.INTERMEDIATE.MANIFEST
C:\roman\WeatherGame\BuildTextures\bin\BuildTextures.dll.metagen
C:\ROMAN\WEATHERGAME\BUILDTEXTURES\BIN\BUILDTEXTURES.ILK
C:\ROMAN\WEATHERGAME\BUILDTEXTURES\BIN\BUILDTEXTURES.OBJ
C:\ROMAN\WEATHERGAME\BUILDTEXTURES\BIN\BUILDTEXTURES.PCH
C:\ROMAN\WEATHERGAME\BUILDTEXTURES\BIN\BUILDTEXTURES.PDB
C:\roman\WeatherGame\BuildTextures\bin\BuildTextures.write.1.tlog
C:\roman\WeatherGame\BuildTextures\bin\cl.command.1.tlog
C:\roman\WeatherGame\BuildTextures\bin\CL.read.1.tlog
C:\roman\WeatherGame\BuildTextures\bin\CL.write.1.tlog
C:\ROMAN\WEATHERGAME\BUILDTEXTURES\BIN\IMAGE.OBJ
C:\roman\WeatherGame\BuildTextures\bin\link.6812.read.1.tlog
C:\roman\WeatherGame\BuildTextures\bin\link.6812.write.1.tlog
C:\roman\WeatherGame\BuildTextures\bin\link.6812-cvtres.read.1.tlog
C:\roman\WeatherGame\BuildTextures\bin\link.6812-cvtres.write.1.tlog
C:\roman\WeatherGame\BuildTextures\bin\link.command.1.tlog
C:\roman\WeatherGame\BuildTextures\bin\link.read.1.tlog
C:\roman\WeatherGame\BuildTextures\bin\link.write.1.tlog
C:\roman\WeatherGame\BuildTextures\bin\metagen.read.1.tlog
C:\roman\WeatherGame\BuildTextures\bin\metagen.write.1.tlog
C:\roman\WeatherGame\BuildTextures\bin\mt.command.1.tlog
C:\roman\WeatherGame\BuildTextures\bin\mt.read.1.tlog
C:\roman\WeatherGame\BuildTextures\bin\mt.write.1.tlog
C:\roman\WeatherGame\BuildTextures\bin\rc.command.1.tlog
C:\roman\WeatherGame\BuildTextures\bin\rc.read.1.tlog
C:\roman\WeatherGame\BuildTextures\bin\rc.write.1.tlog
C:\roman\WeatherGame\BuildTextures\bin\RSAENH.DLL.bi
C:\ROMAN\WEATHERGAME\BUILDTEXTURES\BIN\STDAFX.OBJ
C:\roman\WeatherGame\BuildTextures\bin\TZRES.DLL.bi
C:\ROMAN\WEATHERGAME\BUILDTEXTURES\BIN\VC100.PDB
