Build started 3/8/2013 12:06:45 PM.
     1>Project "C:\roman\WeatherGame\BuildTextures\BuildTextures.vcxproj" on node 2 (rebuild target(s)).
     1>_PrepareForClean:
         Deleting file "..\BuildTextures\bin\BuildTextures.lastbuildstate".
     1>C:\Program Files (x86)\MSBuild\Microsoft.Cpp\v4.0\Microsoft.CppBuild.targets(299,5): warning MSB8004: Output Directory does not end with a trailing slash.  This build instance will add the slash as it is required to allow proper evaluation of the Output Directory.
       InitializeBuildStatus:
         Creating "..\BuildTextures\bin\BuildTextures.unsuccessfulbuild" because "AlwaysCreate" was specified.
       GenerateTargetFrameworkMonikerAttribute:
       Skipping target "GenerateTargetFrameworkMonikerAttribute" because all output files are up-to-date with respect to the input files.
       ClCompile:
         c:\Program Files (x86)\Microsoft Visual Studio 10.0\VC\bin\CL.exe /c /IC:\roman\WeatherGame\BuildTextures\nvtt /AI"C:\Program Files (x86)\Reference Assemblies\Microsoft\Framework\.NETFramework\v4.0" /Zi /clr /nologo /W3 /WX- /Od /Oy- /D WIN32 /D _DEBUG /D _WINDLL /D _UNICODE /D UNICODE /EHa /MDd /GS /fp:precise /Zc:wchar_t /Zc:forScope /Yc"StdAfx.h" /Fp"..\BuildTextures\bin\BuildTextures.pch" /Fo"..\BuildTextures\bin\\" /Fd"..\BuildTextures\bin\vc100.pdb" /TP /FU"C:\Program Files (x86)\Reference Assemblies\Microsoft\Framework\.NETFramework\v4.0\System.Core.dll" /FU"C:\Program Files (x86)\Reference Assemblies\Microsoft\Framework\.NETFramework\v4.0\System.dll" /FU"C:\Program Files (x86)\Reference Assemblies\Microsoft\Framework\.NETFramework\v4.0\System.Drawing.dll" /analyze- /errorReport:prompt Stdafx.cpp /clr:nostdlib 
         Stdafx.cpp
         c:\Program Files (x86)\Microsoft Visual Studio 10.0\VC\bin\CL.exe /c /IC:\roman\WeatherGame\BuildTextures\nvtt /AI"C:\Program Files (x86)\Reference Assemblies\Microsoft\Framework\.NETFramework\v4.0" /Zi /clr /nologo /W3 /WX- /Od /Oy- /D WIN32 /D _DEBUG /D _WINDLL /D _UNICODE /D UNICODE /EHa /MDd /GS /fp:precise /Zc:wchar_t /Zc:forScope /Yu"StdAfx.h" /Fp"..\BuildTextures\bin\BuildTextures.pch" /Fo"..\BuildTextures\bin\\" /Fd"..\BuildTextures\bin\vc100.pdb" /TP /FU"C:\Program Files (x86)\Reference Assemblies\Microsoft\Framework\.NETFramework\v4.0\System.Core.dll" /FU"C:\Program Files (x86)\Reference Assemblies\Microsoft\Framework\.NETFramework\v4.0\System.dll" /FU"C:\Program Files (x86)\Reference Assemblies\Microsoft\Framework\.NETFramework\v4.0\System.Drawing.dll" /analyze- /errorReport:prompt AssemblyInfo.cpp BuildTextures.cpp Image.cpp /clr:nostdlib 
         AssemblyInfo.cpp
         BuildTextures.cpp
     1>BuildTextures.cpp(71): warning C4482: nonstandard extension used: enum 'nvtt::Quality' used in qualified name
     1>BuildTextures.cpp(82): warning C4305: 'argument' : truncation from 'double' to 'float'
     1>BuildTextures.cpp(82): warning C4305: 'argument' : truncation from 'double' to 'float'
     1>BuildTextures.cpp(82): warning C4305: 'argument' : truncation from 'double' to 'float'
     1>BuildTextures.cpp(82): warning C4305: 'argument' : truncation from 'double' to 'float'
     1>BuildTextures.cpp(84): warning C4305: 'argument' : truncation from 'double' to 'float'
     1>BuildTextures.cpp(84): warning C4305: 'argument' : truncation from 'double' to 'float'
     1>BuildTextures.cpp(84): warning C4305: 'argument' : truncation from 'double' to 'float'
     1>BuildTextures.cpp(84): warning C4305: 'argument' : truncation from 'double' to 'float'
     1>BuildTextures.cpp(92): warning C4482: nonstandard extension used: enum 'nvtt::Quality' used in qualified name
         Image.cpp
         Generating Code...
     1>c:\roman\weathergame\buildtextures\buildtextures.cpp(32): warning C4700: uninitialized local variable 'm_data' used
         c:\Program Files (x86)\Microsoft Visual Studio 10.0\VC\bin\CL.exe /c /IC:\roman\WeatherGame\BuildTextures\nvtt /Zi /clr /nologo /W3 /WX- /Od /Oy- /D WIN32 /D _DEBUG /D _WINDLL /D _UNICODE /D UNICODE /EHa /MDd /GS /fp:precise /Zc:wchar_t /Zc:forScope /Fo"..\BuildTextures\bin\\" /Fd"..\BuildTextures\bin\vc100.pdb" /TP /analyze- /errorReport:prompt "C:\Users\Roman\AppData\Local\Temp\.NETFramework,Version=v4.0.AssemblyAttributes.cpp"
         .NETFramework,Version=v4.0.AssemblyAttributes.cpp
       ResourceCompile:
         C:\Program Files (x86)\Microsoft SDKs\Windows\v7.0A\bin\rc.exe /D _UNICODE /D UNICODE /l"0x0409" /nologo /fo"..\BuildTextures\bin\app.res" app.rc 
       Link:
         c:\Program Files (x86)\Microsoft Visual Studio 10.0\VC\bin\link.exe /ERRORREPORT:PROMPT /OUT:".\bin\BuildTextures.dll" /INCREMENTAL /NOLOGO /LIBPATH:C:\roman\WeatherGame\BuildTextures\nvtt nvtt\nvtt.lib /MANIFEST /ManifestFile:"..\BuildTextures\bin\BuildTextures.dll.intermediate.manifest" /MANIFESTUAC:"level='asInvoker' uiAccess='false'" /DEBUG /PDB:"C:\roman\WeatherGame\BuildTextures\bin\BuildTextures.pdb" /ASSEMBLYDEBUG /TLBID:1 /DYNAMICBASE /FIXED:NO /NXCOMPAT /MACHINE:X86 /DLL ..\BuildTextures\bin\app.res
         ..\BuildTextures\bin\AssemblyInfo.obj
         ..\BuildTextures\bin\BuildTextures.obj
         ..\BuildTextures\bin\Image.obj
         ..\BuildTextures\bin\Stdafx.obj
         "..\BuildTextures\bin\.NETFramework,Version=v4.0.AssemblyAttributes.obj"
         BuildTextures.vcxproj -> C:\roman\WeatherGame\BuildTextures\.\bin\BuildTextures.dll
       Manifest:
         C:\Program Files (x86)\Microsoft SDKs\Windows\v7.0A\bin\mt.exe /nologo /verbose /outputresource:".\bin\BuildTextures.dll;#2" /manifest ..\BuildTextures\bin\BuildTextures.dll.intermediate.manifest
       FinalizeBuildStatus:
         Deleting file "..\BuildTextures\bin\BuildTextures.unsuccessfulbuild".
         Touching "..\BuildTextures\bin\BuildTextures.lastbuildstate".
     1>Done Building Project "C:\roman\WeatherGame\BuildTextures\BuildTextures.vcxproj" (rebuild target(s)).

Build succeeded.

Time Elapsed 00:00:05.83
